[
  {
    "level": "INFO",
    "message": "android.ndkVersion from module build.gradle is [22.1.7171670]",
    "diagnosticCode": "UNKNOWN"
  },
  {
    "level": "INFO",
    "message": "android.ndkPath from module build.gradle is not set",
    "diagnosticCode": "UNKNOWN"
  },
  {
    "level": "INFO",
    "message": "ndk.dir in local.properties is not set",
    "diagnosticCode": "UNKNOWN"
  },
  {
    "level": "INFO",
    "message": "Not considering ANDROID_NDK_HOME because support was removed after deprecation period.",
    "diagnosticCode": "UNKNOWN"
  },
  {
    "level": "INFO",
    "message": "sdkFolder is /Users/darren/Library/Android/sdk",
    "diagnosticCode": "UNKNOWN"
  },
  {
    "level": "INFO",
    "message": "NDK side-by-side folder from sdkFolder /Users/darren/Library/Android/sdk/ndk does not exist",
    "diagnosticCode": "UNKNOWN"
  },
  {
    "level": "INFO",
    "message": "Folder /Users/darren/Library/Android/sdk/ndk/22.1.7171670 does not exist. Ignoring.",
    "diagnosticCode": "UNKNOWN"
  }
]